# JRE version: OpenJDK Runtime Environment Zulu17.36+13-CA (17.0.4+8) (build 17.0.4+8-LTS)
# Java VM: OpenJDK 64-Bit Server VM Zulu17.36+13-CA (17.0.4+8-LTS, mixed mode, sharing, tiered, compressed oops, compressed class ptrs, g1 gc, windows-amd64)
GC Precious Log:
 CPUs: 4 total, 4 available
 Memory: 12157M
 Large Page Support: Disabled
 NUMA Support: Disabled
 Compressed Oops: Enabled (Zero based)
 Heap Region Size: 2M
 Heap Min Capacity: 8M
 Heap Initial Capacity: 190M
 Heap Max Capacity: 3040M
 Pre-touch: Disabled
 Parallel Workers: 4
 Concurrent Workers: 1
 Concurrent Refinement Workers: 4
 Periodic GC: Disabled
Heap:
 garbage-first heap   total 83968K, used 38091K [0x0000000742000000, 0x0000000800000000)
  region size 2048K, 6 young (12288K), 3 survivors (6144K)
 Metaspace       used 77761K, committed 78464K, reserved 1122304K
  class space    used 10938K, committed 11264K, reserved 1048576K
GC Heap History (20 events):
Event: 7.878 GC heap before
{Heap before GC invocations=12 (full 0):
 garbage-first heap   total 61440K, used 23466K [0x0000000742000000, 0x0000000800000000)
  region size 2048K, 3 young (6144K), 2 survivors (4096K)
 Metaspace       used 42677K, committed 43136K, reserved 1089536K
  class space    used 5730K, committed 5952K, reserved 1048576K
}
Event: 7.884 GC heap after
{Heap after GC invocations=13 (full 0):
 garbage-first heap   total 61440K, used 21263K [0x0000000742000000, 0x0000000800000000)
  region size 2048K, 1 young (2048K), 1 survivors (2048K)
 Metaspace       used 42677K, committed 43136K, reserved 1089536K
  class space    used 5730K, committed 5952K, reserved 1048576K
}
Event: 8.685 GC heap before
{Heap before GC invocations=13 (full 0):
 garbage-first heap   total 61440K, used 43791K [0x0000000742000000, 0x0000000800000000)
  region size 2048K, 12 young (24576K), 1 survivors (2048K)
 Metaspace       used 47473K, committed 48000K, reserved 1097728K
  class space    used 6381K, committed 6592K, reserved 1048576K
}
Event: 8.688 GC heap after
{Heap after GC invocations=14 (full 0):
 garbage-first heap   total 83968K, used 22283K [0x0000000742000000, 0x0000000800000000)
  region size 2048K, 1 young (2048K), 1 survivors (2048K)
 Metaspace       used 47473K, committed 48000K, reserved 1097728K
  class space    used 6381K, committed 6592K, reserved 1048576K
}
Event: 9.974 GC heap before
{Heap before GC invocations=14 (full 0):
 garbage-first heap   total 83968K, used 61195K [0x0000000742000000, 0x0000000800000000)
  region size 2048K, 20 young (40960K), 1 survivors (2048K)
 Metaspace       used 57723K, committed 58176K, reserved 1105920K
  class space    used 7990K, committed 8192K, reserved 1048576K
}
Event: 9.979 GC heap after
{Heap after GC invocations=15 (full 0):
 garbage-first heap   total 83968K, used 24111K [0x0000000742000000, 0x0000000800000000)
  region size 2048K, 2 young (4096K), 2 survivors (4096K)
 Metaspace       used 57723K, committed 58176K, reserved 1105920K
  class space    used 7990K, committed 8192K, reserved 1048576K
}
Event: 10.279 GC heap before
{Heap before GC invocations=15 (full 0):
 garbage-first heap   total 83968K, used 34351K [0x0000000742000000, 0x0000000800000000)
  region size 2048K, 8 young (16384K), 2 survivors (4096K)
 Metaspace       used 60030K, committed 60480K, reserved 1105920K
  class space    used 8256K, committed 8448K, reserved 1048576K
}
Event: 10.285 GC heap after
{Heap after GC invocations=16 (full 0):
 garbage-first heap   total 83968K, used 25048K [0x0000000742000000, 0x0000000800000000)
  region size 2048K, 2 young (4096K), 2 survivors (4096K)
 Metaspace       used 60030K, committed 60480K, reserved 1105920K
  class space    used 8256K, committed 8448K, reserved 1048576K
}
Event: 11.159 GC heap before
{Heap before GC invocations=17 (full 0):
 garbage-first heap   total 83968K, used 63960K [0x0000000742000000, 0x0000000800000000)
  region size 2048K, 21 young (43008K), 2 survivors (4096K)
 Metaspace       used 65024K, committed 65600K, reserved 1105920K
  class space    used 9296K, committed 9600K, reserved 1048576K
}
Event: 11.168 GC heap after
{Heap after GC invocations=18 (full 0):
 garbage-first heap   total 83968K, used 28474K [0x0000000742000000, 0x0000000800000000)
  region size 2048K, 3 young (6144K), 3 survivors (6144K)
 Metaspace       used 65024K, committed 65600K, reserved 1105920K
  class space    used 9296K, committed 9600K, reserved 1048576K
}
Event: 11.460 GC heap before
{Heap before GC invocations=18 (full 0):
 garbage-first heap   total 83968K, used 65338K [0x0000000742000000, 0x0000000800000000)
  region size 2048K, 21 young (43008K), 3 survivors (6144K)
 Metaspace       used 66464K, committed 67072K, reserved 1114112K
  class space    used 9475K, committed 9792K, reserved 1048576K
}
Event: 11.468 GC heap after
{Heap after GC invocations=19 (full 0):
 garbage-first heap   total 83968K, used 30843K [0x0000000742000000, 0x0000000800000000)
  region size 2048K, 2 young (4096K), 2 survivors (4096K)
 Metaspace       used 66464K, committed 67072K, reserved 1114112K
  class space    used 9475K, committed 9792K, reserved 1048576K
}
Event: 12.225 GC heap before
{Heap before GC invocations=19 (full 0):
 garbage-first heap   total 83968K, used 63611K [0x0000000742000000, 0x0000000800000000)
  region size 2048K, 18 young (36864K), 2 survivors (4096K)
 Metaspace       used 69483K, committed 70016K, reserved 1114112K
  class space    used 9917K, committed 10176K, reserved 1048576K
}
Event: 12.230 GC heap after
{Heap after GC invocations=20 (full 0):
 garbage-first heap   total 83968K, used 32618K [0x0000000742000000, 0x0000000800000000)
  region size 2048K, 2 young (4096K), 2 survivors (4096K)
 Metaspace       used 69483K, committed 70016K, reserved 1114112K
  class space    used 9917K, committed 10176K, reserved 1048576K
}
Event: 56.047 GC heap before
{Heap before GC invocations=20 (full 0):
 garbage-first heap   total 83968K, used 63338K [0x0000000742000000, 0x0000000800000000)
  region size 2048K, 18 young (36864K), 2 survivors (4096K)
 Metaspace       used 74912K, committed 75520K, reserved 1114112K
  class space    used 10632K, committed 10944K, reserved 1048576K
}
Event: 56.056 GC heap after
{Heap after GC invocations=21 (full 0):
 garbage-first heap   total 83968K, used 35043K [0x0000000742000000, 0x0000000800000000)
  region size 2048K, 3 young (6144K), 3 survivors (6144K)
 Metaspace       used 74912K, committed 75520K, reserved 1114112K
  class space    used 10632K, committed 10944K, reserved 1048576K
}
Event: 258.353 GC heap before
{Heap before GC invocations=21 (full 0):
 garbage-first heap   total 83968K, used 49379K [0x0000000742000000, 0x0000000800000000)
  region size 2048K, 12 young (24576K), 3 survivors (6144K)
 Metaspace       used 76805K, committed 77440K, reserved 1122304K
  class space    used 10896K, committed 11200K, reserved 1048576K
}
Event: 258.413 GC heap after
{Heap after GC invocations=22 (full 1):
 garbage-first heap   total 83968K, used 28902K [0x0000000742000000, 0x0000000800000000)
  region size 2048K, 0 young (0K), 0 survivors (0K)
 Metaspace       used 76805K, committed 77440K, reserved 1122304K
  class space    used 10896K, committed 11200K, reserved 1048576K
}
Event: 259.488 GC heap before
{Heap before GC invocations=22 (full 1):
 garbage-first heap   total 83968K, used 61670K [0x0000000742000000, 0x0000000800000000)
  region size 2048K, 17 young (34816K), 0 survivors (0K)
 Metaspace       used 77061K, committed 77696K, reserved 1122304K
  class space    used 10907K, committed 11200K, reserved 1048576K
}
Event: 259.491 GC heap after
{Heap after GC invocations=23 (full 1):
 garbage-first heap   total 83968K, used 32186K [0x0000000742000000, 0x0000000800000000)
  region size 2048K, 2 young (4096K), 2 survivors (4096K)
 Metaspace       used 77061K, committed 77696K, reserved 1122304K
  class space    used 10907K, committed 11200K, reserved 1048576K
}

